<?xml version="1.0" encoding="UTF-8"?>
<coverage generated="1641885929185" clover="3.2.0">
  <project timestamp="1641885929185" name="All files">
    <metrics statements="22" coveredstatements="10" conditionals="8" coveredconditionals="2" methods="1" coveredmethods="1" elements="31" coveredelements="13" complexity="0" loc="22" ncloc="22" packages="1" files="1" classes="1"/>
    <file name="action.js" path="/Users/mathias.herhold/ACTIWARE/github-actions/action-io-get-module-version/action.js">
      <metrics statements="22" coveredstatements="10" conditionals="8" coveredconditionals="2" methods="1" coveredmethods="1"/>
      <line num="1" count="1" type="stmt"/>
      <line num="2" count="1" type="stmt"/>
      <line num="4" count="1" type="stmt"/>
      <line num="7" count="1" type="stmt"/>
      <line num="9" count="1" type="stmt"/>
      <line num="10" count="1" type="cond" truecount="2" falsecount="0"/>
      <line num="12" count="1" type="stmt"/>
      <line num="13" count="1" type="stmt"/>
      <line num="15" count="0" type="cond" truecount="0" falsecount="2"/>
      <line num="16" count="0" type="stmt"/>
      <line num="17" count="0" type="stmt"/>
      <line num="19" count="0" type="stmt"/>
      <line num="20" count="0" type="stmt"/>
      <line num="23" count="0" type="stmt"/>
      <line num="25" count="0" type="cond" truecount="0" falsecount="4"/>
      <line num="26" count="0" type="stmt"/>
      <line num="28" count="0" type="stmt"/>
      <line num="29" count="0" type="stmt"/>
      <line num="32" count="0" type="stmt"/>
      <line num="34" count="0" type="stmt"/>
      <line num="36" count="1" type="stmt"/>
      <line num="40" count="1" type="stmt"/>
    </file>
  </project>
</coverage>
